<?xml version="1.0" encoding="UTF-8" ?>
<testsuite failures="0" time="0.093" errors="0" skipped="0" tests="24" name="org.apache.log4j.LevelTest">
  <properties>
    <property name="java.runtime.name" value="Java(TM) SE Runtime Environment"/>
    <property name="sun.boot.library.path" value="/usr/java/jdk1.7.0_75/jre/lib/amd64"/>
    <property name="java.vm.version" value="24.75-b04"/>
    <property name="java.vm.vendor" value="Oracle Corporation"/>
    <property name="java.vendor.url" value="http://java.oracle.com/"/>
    <property name="path.separator" value=":"/>
    <property name="java.vm.name" value="Java HotSpot(TM) 64-Bit Server VM"/>
    <property name="file.encoding.pkg" value="sun.io"/>
    <property name="user.country" value="US"/>
    <property name="sun.java.launcher" value="SUN_STANDARD"/>
    <property name="sun.os.patch.level" value="unknown"/>
    <property name="java.vm.specification.name" value="Java Virtual Machine Specification"/>
    <property name="user.dir" value="/home/zsf/log4j/tests"/>
    <property name="java.runtime.version" value="1.7.0_75-b13"/>
    <property name="java.awt.graphicsenv" value="sun.awt.X11GraphicsEnvironment"/>
    <property name="basedir" value="/home/zsf/log4j"/>
    <property name="java.endorsed.dirs" value="/usr/java/jdk1.7.0_75/jre/lib/endorsed"/>
    <property name="os.arch" value="amd64"/>
    <property name="java.io.tmpdir" value="/tmp"/>
    <property name="line.separator" value="
"/>
    <property name="java.vm.specification.vendor" value="Oracle Corporation"/>
    <property name="os.name" value="Linux"/>
    <property name="sun.jnu.encoding" value="UTF-8"/>
    <property name="java.library.path" value="/usr/java/packages/lib/amd64:/usr/lib64:/lib64:/lib:/usr/lib"/>
    <property name="java.specification.name" value="Java Platform API Specification"/>
    <property name="java.class.version" value="51.0"/>
    <property name="sun.management.compiler" value="HotSpot 64-Bit Tiered Compilers"/>
    <property name="os.version" value="2.6.32-431.20.3.el6.x86_64"/>
    <property name="user.home" value="/root"/>
    <property name="user.timezone" value=""/>
    <property name="java.awt.printerjob" value="sun.print.PSPrinterJob"/>
    <property name="file.encoding" value="UTF-8"/>
    <property name="java.specification.version" value="1.7"/>
    <property name="user.name" value="root"/>
    <property name="java.class.path" value="/tmp/surefirebooter7721583601886359073.jar"/>
    <property name="java.vm.specification.version" value="1.7"/>
    <property name="sun.arch.data.model" value="64"/>
    <property name="java.home" value="/usr/java/jdk1.7.0_75/jre"/>
    <property name="sun.java.command" value="/tmp/surefirebooter7721583601886359073.jar /tmp/surefire295377246958252797tmp /tmp/surefire4571897504893341942tmp"/>
    <property name="java.specification.vendor" value="Oracle Corporation"/>
    <property name="user.language" value="en"/>
    <property name="awt.toolkit" value="sun.awt.X11.XToolkit"/>
    <property name="java.vm.info" value="mixed mode"/>
    <property name="java.version" value="1.7.0_75"/>
    <property name="java.ext.dirs" value="/usr/java/jdk1.7.0_75/jre/lib/ext:/usr/java/packages/lib/ext"/>
    <property name="sun.boot.class.path" value="/usr/java/jdk1.7.0_75/jre/lib/resources.jar:/usr/java/jdk1.7.0_75/jre/lib/rt.jar:/usr/java/jdk1.7.0_75/jre/lib/sunrsasign.jar:/usr/java/jdk1.7.0_75/jre/lib/jsse.jar:/usr/java/jdk1.7.0_75/jre/lib/jce.jar:/usr/java/jdk1.7.0_75/jre/lib/charsets.jar:/usr/java/jdk1.7.0_75/jre/lib/jfr.jar:/usr/java/jdk1.7.0_75/jre/classes"/>
    <property name="java.vendor" value="Oracle Corporation"/>
    <property name="localRepository" value="/root/.m2/repository"/>
    <property name="file.separator" value="/"/>
    <property name="java.vendor.url.bug" value="http://bugreport.sun.com/bugreport/"/>
    <property name="sun.cpu.endian" value="little"/>
    <property name="sun.io.unicode.encoding" value="UnicodeLittle"/>
    <property name="sun.cpu.isalist" value=""/>
  </properties>
  <testcase time="0.007" classname="org.apache.log4j.LevelTest" name="testERROR"/>
  <testcase time="0" classname="org.apache.log4j.LevelTest" name="testWARN"/>
  <testcase time="0" classname="org.apache.log4j.LevelTest" name="testINFO"/>
  <testcase time="0" classname="org.apache.log4j.LevelTest" name="testDEBUG"/>
  <testcase time="0.002" classname="org.apache.log4j.LevelTest" name="testDotlessLowerI"/>
  <testcase time="0.002" classname="org.apache.log4j.LevelTest" name="testDottedLowerI"/>
  <testcase time="0.016" classname="org.apache.log4j.LevelTest" name="testSerializeINFO"/>
  <testcase time="0.002" classname="org.apache.log4j.LevelTest" name="testDeserializeINFO"/>
  <testcase time="0.005" classname="org.apache.log4j.LevelTest" name="testCustomLevelSerialization"/>
  <testcase time="0" classname="org.apache.log4j.LevelTest" name="testTraceInt"/>
  <testcase time="0" classname="org.apache.log4j.LevelTest" name="testTrace"/>
  <testcase time="0.003" classname="org.apache.log4j.LevelTest" name="testIntToTrace"/>
  <testcase time="0" classname="org.apache.log4j.LevelTest" name="testStringToTrace"/>
  <testcase time="0" classname="org.apache.log4j.LevelTest" name="testLevelExtendsPriority"/>
  <testcase time="0" classname="org.apache.log4j.LevelTest" name="testOFF"/>
  <testcase time="0" classname="org.apache.log4j.LevelTest" name="testFATAL"/>
  <testcase time="0" classname="org.apache.log4j.LevelTest" name="testTRACE"/>
  <testcase time="0" classname="org.apache.log4j.LevelTest" name="testALL"/>
  <testcase time="0" classname="org.apache.log4j.LevelTest" name="testSerialVersionUID"/>
  <testcase time="0" classname="org.apache.log4j.LevelTest" name="testIntToAll"/>
  <testcase time="0.001" classname="org.apache.log4j.LevelTest" name="testIntToFatal"/>
  <testcase time="0" classname="org.apache.log4j.LevelTest" name="testIntToOff"/>
  <testcase time="0" classname="org.apache.log4j.LevelTest" name="testToLevelUnrecognizedInt"/>
  <testcase time="0" classname="org.apache.log4j.LevelTest" name="testToLevelNull"/>
</testsuite>